# JRE version: OpenJDK Runtime Environment (16.0.2+7) (build 16.0.2+7-67)
# Java VM: OpenJDK 64-Bit Server VM (16.0.2+7-67, mixed mode, sharing, tiered, compressed oops, compressed class ptrs, g1 gc, windows-amd64)
GC Precious Log:
 CPUs: 4 total, 4 available
 Memory: 4010M
 Large Page Support: Disabled
 NUMA Support: Disabled
 Compressed Oops: Enabled (32-bit)
 Heap Region Size: 1M
 Heap Min Capacity: 8M
 Heap Initial Capacity: 64M
 Heap Max Capacity: 1004M
 Pre-touch: Disabled
 Parallel Workers: 4
 Concurrent Workers: 1
 Concurrent Refinement Workers: 4
 Periodic GC: Disabled
Heap:
 garbage-first heap   total 51200K, used 19700K [0x00000000c1400000, 0x0000000100000000)
  region size 1024K, 4 young (4096K), 2 survivors (2048K)
 Metaspace       used 36305K, committed 36544K, reserved 1081344K
  class space    used 3880K, committed 4032K, reserved 1048576K
GC Heap History (18 events):
Event: 1.073 GC heap before
{Heap before GC invocations=0 (full 0):
 garbage-first heap   total 65536K, used 15360K [0x00000000c1400000, 0x0000000100000000)
  region size 1024K, 13 young (13312K), 0 survivors (0K)
 Metaspace       used 2579K, committed 2752K, reserved 1056768K
  class space    used 273K, committed 384K, reserved 1048576K
}
Event: 1.080 GC heap after
{Heap after GC invocations=1 (full 0):
 garbage-first heap   total 65536K, used 7740K [0x00000000c1400000, 0x0000000100000000)
  region size 1024K, 2 young (2048K), 2 survivors (2048K)
 Metaspace       used 2579K, committed 2752K, reserved 1056768K
  class space    used 273K, committed 384K, reserved 1048576K
}
Event: 2.026 GC heap before
{Heap before GC invocations=1 (full 0):
 garbage-first heap   total 65536K, used 22076K [0x00000000c1400000, 0x0000000100000000)
  region size 1024K, 16 young (16384K), 2 survivors (2048K)
 Metaspace       used 9533K, committed 9728K, reserved 1064960K
  class space    used 953K, committed 1088K, reserved 1048576K
}
Event: 2.030 GC heap after
{Heap after GC invocations=2 (full 0):
 garbage-first heap   total 65536K, used 8784K [0x00000000c1400000, 0x0000000100000000)
  region size 1024K, 1 young (1024K), 1 survivors (1024K)
 Metaspace       used 9533K, committed 9728K, reserved 1064960K
  class space    used 953K, committed 1088K, reserved 1048576K
}
Event: 3.716 GC heap before
{Heap before GC invocations=2 (full 0):
 garbage-first heap   total 65536K, used 36432K [0x00000000c1400000, 0x0000000100000000)
  region size 1024K, 28 young (28672K), 1 survivors (1024K)
 Metaspace       used 17084K, committed 17216K, reserved 1064960K
  class space    used 1867K, committed 1920K, reserved 1048576K
}
Event: 3.722 GC heap after
{Heap after GC invocations=3 (full 0):
 garbage-first heap   total 65536K, used 10166K [0x00000000c1400000, 0x0000000100000000)
  region size 1024K, 3 young (3072K), 3 survivors (3072K)
 Metaspace       used 17084K, committed 17216K, reserved 1064960K
  class space    used 1867K, committed 1920K, reserved 1048576K
}
Event: 4.367 GC heap before
{Heap before GC invocations=3 (full 0):
 garbage-first heap   total 65536K, used 23478K [0x00000000c1400000, 0x0000000100000000)
  region size 1024K, 15 young (15360K), 3 survivors (3072K)
 Metaspace       used 21061K, committed 21248K, reserved 1073152K
  class space    used 2294K, committed 2432K, reserved 1048576K
}
Event: 4.374 GC heap after
{Heap after GC invocations=4 (full 0):
 garbage-first heap   total 65536K, used 13177K [0x00000000c1400000, 0x0000000100000000)
  region size 1024K, 4 young (4096K), 4 survivors (4096K)
 Metaspace       used 21061K, committed 21248K, reserved 1073152K
  class space    used 2294K, committed 2432K, reserved 1048576K
}
Event: 5.655 GC heap before
{Heap before GC invocations=5 (full 0):
 garbage-first heap   total 51200K, used 38777K [0x00000000c1400000, 0x0000000100000000)
  region size 1024K, 30 young (30720K), 4 survivors (4096K)
 Metaspace       used 28189K, committed 28416K, reserved 1081344K
  class space    used 3161K, committed 3264K, reserved 1048576K
}
Event: 5.668 GC heap after
{Heap after GC invocations=6 (full 0):
 garbage-first heap   total 51200K, used 16853K [0x00000000c1400000, 0x0000000100000000)
  region size 1024K, 4 young (4096K), 4 survivors (4096K)
 Metaspace       used 28189K, committed 28416K, reserved 1081344K
  class space    used 3161K, committed 3264K, reserved 1048576K
}
Event: 6.792 GC heap before
{Heap before GC invocations=6 (full 0):
 garbage-first heap   total 51200K, used 35285K [0x00000000c1400000, 0x0000000100000000)
  region size 1024K, 23 young (23552K), 4 survivors (4096K)
 Metaspace       used 33423K, committed 33664K, reserved 1081344K
  class space    used 3790K, committed 3904K, reserved 1048576K
}
Event: 6.803 GC heap after
{Heap after GC invocations=7 (full 0):
 garbage-first heap   total 51200K, used 18196K [0x00000000c1400000, 0x0000000100000000)
  region size 1024K, 2 young (2048K), 2 survivors (2048K)
 Metaspace       used 33423K, committed 33664K, reserved 1081344K
  class space    used 3790K, committed 3904K, reserved 1048576K
}
Event: 11.100 GC heap before
{Heap before GC invocations=7 (full 0):
 garbage-first heap   total 51200K, used 36628K [0x00000000c1400000, 0x0000000100000000)
  region size 1024K, 20 young (20480K), 2 survivors (2048K)
 Metaspace       used 35320K, committed 35520K, reserved 1081344K
  class space    used 3873K, committed 3968K, reserved 1048576K
}
Event: 11.105 GC heap after
{Heap after GC invocations=8 (full 0):
 garbage-first heap   total 51200K, used 18524K [0x00000000c1400000, 0x0000000100000000)
  region size 1024K, 2 young (2048K), 2 survivors (2048K)
 Metaspace       used 35320K, committed 35520K, reserved 1081344K
  class space    used 3873K, committed 3968K, reserved 1048576K
}
Event: 11.495 GC heap before
{Heap before GC invocations=8 (full 0):
 garbage-first heap   total 51200K, used 21596K [0x00000000c1400000, 0x0000000100000000)
  region size 1024K, 6 young (6144K), 2 survivors (2048K)
 Metaspace       used 35440K, committed 35648K, reserved 1081344K
  class space    used 3878K, committed 4032K, reserved 1048576K
}
Event: 11.498 GC heap after
{Heap after GC invocations=9 (full 0):
 garbage-first heap   total 51200K, used 18562K [0x00000000c1400000, 0x0000000100000000)
  region size 1024K, 2 young (2048K), 2 survivors (2048K)
 Metaspace       used 35440K, committed 35648K, reserved 1081344K
  class space    used 3878K, committed 4032K, reserved 1048576K
}
Event: 14.362 GC heap before
{Heap before GC invocations=10 (full 0):
 garbage-first heap   total 51200K, used 39042K [0x00000000c1400000, 0x0000000100000000)
  region size 1024K, 22 young (22528K), 2 survivors (2048K)
 Metaspace       used 36057K, committed 36352K, reserved 1081344K
  class space    used 3880K, committed 4032K, reserved 1048576K
}
Event: 14.367 GC heap after
{Heap after GC invocations=11 (full 0):
 garbage-first heap   total 51200K, used 18566K [0x00000000c1400000, 0x0000000100000000)
  region size 1024K, 2 young (2048K), 2 survivors (2048K)
 Metaspace       used 36057K, committed 36352K, reserved 1081344K
  class space    used 3880K, committed 4032K, reserved 1048576K
}

